{"/home/rob/odin/pow/game/game.js": {"path":"/home/rob/odin/pow/game/game.js","statementMap":{"0":{"start":{"line":2,"column":27},"end":{"line":2,"column":28}},"1":{"start":{"line":6,"column":4},"end":{"line":18,"column":5}},"2":{"start":{"line":8,"column":12},"end":{"line":8,"column":41}},"3":{"start":{"line":9,"column":12},"end":{"line":9,"column":18}},"4":{"start":{"line":11,"column":12},"end":{"line":11,"column":46}},"5":{"start":{"line":12,"column":12},"end":{"line":12,"column":18}},"6":{"start":{"line":14,"column":12},"end":{"line":14,"column":51}},"7":{"start":{"line":15,"column":12},"end":{"line":15,"column":18}},"8":{"start":{"line":17,"column":12},"end":{"line":17,"column":83}},"9":{"start":{"line":21,"column":4},"end":{"line":26,"column":7}},"10":{"start":{"line":22,"column":8},"end":{"line":22,"column":46}},"11":{"start":{"line":23,"column":8},"end":{"line":23,"column":68}},"12":{"start":{"line":24,"column":8},"end":{"line":24,"column":50}},"13":{"start":{"line":25,"column":8},"end":{"line":25,"column":61}},"14":{"start":{"line":25,"column":38},"end":{"line":25,"column":59}},"15":{"start":{"line":29,"column":25},"end":{"line":31,"column":6}},"16":{"start":{"line":30,"column":8},"end":{"line":30,"column":35}},"17":{"start":{"line":32,"column":33},"end":{"line":32,"column":61}},"18":{"start":{"line":33,"column":4},"end":{"line":33,"column":49}},"19":{"start":{"line":37,"column":4},"end":{"line":57,"column":5}},"20":{"start":{"line":40,"column":9},"end":{"line":57,"column":5}},"21":{"start":{"line":43,"column":9},"end":{"line":57,"column":5}},"22":{"start":{"line":45,"column":33},"end":{"line":45,"column":75}},"23":{"start":{"line":45,"column":58},"end":{"line":45,"column":74}},"24":{"start":{"line":46,"column":8},"end":{"line":51,"column":9}},"25":{"start":{"line":54,"column":8},"end":{"line":56,"column":9}},"26":{"start":{"line":54,"column":38},"end":{"line":54,"column":100}},"27":{"start":{"line":61,"column":20},"end":{"line":61,"column":44}},"28":{"start":{"line":62,"column":20},"end":{"line":62,"column":44}},"29":{"start":{"line":63,"column":21},"end":{"line":63,"column":47}},"30":{"start":{"line":64,"column":21},"end":{"line":64,"column":47}},"31":{"start":{"line":65,"column":18},"end":{"line":65,"column":37}},"32":{"start":{"line":66,"column":18},"end":{"line":66,"column":56}},"33":{"start":{"line":68,"column":4},"end":{"line":68,"column":34}},"34":{"start":{"line":76,"column":4},"end":{"line":78,"column":53}},"35":{"start":{"line":77,"column":8},"end":{"line":77,"column":29}},"36":{"start":{"line":85,"column":0},"end":{"line":85,"column":35}}},"fnMap":{"0":{"name":"initGame","decl":{"start":{"line":4,"column":9},"end":{"line":4,"column":17}},"loc":{"start":{"line":4,"column":27},"end":{"line":34,"column":1}},"line":4},"1":{"name":"(anonymous_1)","decl":{"start":{"line":21,"column":20},"end":{"line":21,"column":21}},"loc":{"start":{"line":21,"column":30},"end":{"line":26,"column":5}},"line":21},"2":{"name":"(anonymous_2)","decl":{"start":{"line":25,"column":32},"end":{"line":25,"column":33}},"loc":{"start":{"line":25,"column":38},"end":{"line":25,"column":59}},"line":25},"3":{"name":"(anonymous_3)","decl":{"start":{"line":29,"column":43},"end":{"line":29,"column":44}},"loc":{"start":{"line":29,"column":55},"end":{"line":31,"column":5}},"line":29},"4":{"name":"onPlayerDeath","decl":{"start":{"line":36,"column":9},"end":{"line":36,"column":22}},"loc":{"start":{"line":36,"column":39},"end":{"line":58,"column":1}},"line":36},"5":{"name":"(anonymous_5)","decl":{"start":{"line":45,"column":48},"end":{"line":45,"column":49}},"loc":{"start":{"line":45,"column":58},"end":{"line":45,"column":74}},"line":45},"6":{"name":"(anonymous_6)","decl":{"start":{"line":54,"column":28},"end":{"line":54,"column":29}},"loc":{"start":{"line":54,"column":38},"end":{"line":54,"column":100}},"line":54},"7":{"name":"distance","decl":{"start":{"line":60,"column":9},"end":{"line":60,"column":17}},"loc":{"start":{"line":60,"column":45},"end":{"line":69,"column":1}},"line":60},"8":{"name":"playCard","decl":{"start":{"line":71,"column":9},"end":{"line":71,"column":17}},"loc":{"start":{"line":71,"column":40},"end":{"line":73,"column":1}},"line":71},"9":{"name":"nextTurn","decl":{"start":{"line":75,"column":9},"end":{"line":75,"column":17}},"loc":{"start":{"line":75,"column":20},"end":{"line":79,"column":1}},"line":75},"10":{"name":"startTurn","decl":{"start":{"line":81,"column":9},"end":{"line":81,"column":18}},"loc":{"start":{"line":81,"column":21},"end":{"line":83,"column":1}},"line":81}},"branchMap":{"0":{"loc":{"start":{"line":6,"column":4},"end":{"line":18,"column":5}},"type":"switch","locations":[{"start":{"line":7,"column":8},"end":{"line":9,"column":18}},{"start":{"line":10,"column":8},"end":{"line":12,"column":18}},{"start":{"line":13,"column":8},"end":{"line":15,"column":18}},{"start":{"line":16,"column":8},"end":{"line":17,"column":83}}],"line":6},"1":{"loc":{"start":{"line":37,"column":4},"end":{"line":57,"column":5}},"type":"if","locations":[{"start":{"line":37,"column":4},"end":{"line":57,"column":5}},{"start":{"line":37,"column":4},"end":{"line":57,"column":5}}],"line":37},"2":{"loc":{"start":{"line":40,"column":9},"end":{"line":57,"column":5}},"type":"if","locations":[{"start":{"line":40,"column":9},"end":{"line":57,"column":5}},{"start":{"line":40,"column":9},"end":{"line":57,"column":5}}],"line":40},"3":{"loc":{"start":{"line":43,"column":9},"end":{"line":57,"column":5}},"type":"if","locations":[{"start":{"line":43,"column":9},"end":{"line":57,"column":5}},{"start":{"line":43,"column":9},"end":{"line":57,"column":5}}],"line":43},"4":{"loc":{"start":{"line":46,"column":8},"end":{"line":51,"column":9}},"type":"if","locations":[{"start":{"line":46,"column":8},"end":{"line":51,"column":9}},{"start":{"line":46,"column":8},"end":{"line":51,"column":9}}],"line":46},"5":{"loc":{"start":{"line":46,"column":12},"end":{"line":46,"column":77}},"type":"binary-expr","locations":[{"start":{"line":46,"column":12},"end":{"line":46,"column":41}},{"start":{"line":46,"column":45},"end":{"line":46,"column":77}}],"line":46},"6":{"loc":{"start":{"line":54,"column":8},"end":{"line":56,"column":9}},"type":"if","locations":[{"start":{"line":54,"column":8},"end":{"line":56,"column":9}},{"start":{"line":54,"column":8},"end":{"line":56,"column":9}}],"line":54},"7":{"loc":{"start":{"line":54,"column":38},"end":{"line":54,"column":100}},"type":"binary-expr","locations":[{"start":{"line":54,"column":38},"end":{"line":54,"column":54}},{"start":{"line":54,"column":58},"end":{"line":54,"column":77}},{"start":{"line":54,"column":81},"end":{"line":54,"column":100}}],"line":54}},"s":{"0":1,"1":0,"2":0,"3":0,"4":0,"5":0,"6":0,"7":0,"8":0,"9":0,"10":0,"11":0,"12":0,"13":0,"14":0,"15":0,"16":0,"17":0,"18":0,"19":0,"20":0,"21":0,"22":0,"23":0,"24":0,"25":0,"26":0,"27":4,"28":4,"29":4,"30":4,"31":4,"32":4,"33":4,"34":0,"35":0,"36":1},"f":{"0":0,"1":0,"2":0,"3":0,"4":0,"5":0,"6":0,"7":4,"8":0,"9":0,"10":0},"b":{"0":[0,0,0,0],"1":[0,0],"2":[0,0],"3":[0,0],"4":[0,0],"5":[0,0],"6":[0,0],"7":[0,0,0]},"_coverageSchema":"1a1c01bbd47fc00a2c39e90264f33305004495a9","hash":"79395d973700ef6a5f014d006c8385b9d0fc6c44"}
}
