TN:
SF:game/game.js
FN:4,initGame
FN:21,(anonymous_1)
FN:25,(anonymous_2)
FN:29,(anonymous_3)
FN:36,onPlayerDeath
FN:45,(anonymous_5)
FN:54,(anonymous_6)
FN:60,distance
FN:71,playCard
FN:75,nextTurn
FN:81,startTurn
FNF:11
FNH:1
FNDA:0,initGame
FNDA:0,(anonymous_1)
FNDA:0,(anonymous_2)
FNDA:0,(anonymous_3)
FNDA:0,onPlayerDeath
FNDA:0,(anonymous_5)
FNDA:0,(anonymous_6)
FNDA:4,distance
FNDA:0,playCard
FNDA:0,nextTurn
FNDA:0,startTurn
DA:2,1
DA:6,0
DA:8,0
DA:9,0
DA:11,0
DA:12,0
DA:14,0
DA:15,0
DA:17,0
DA:21,0
DA:22,0
DA:23,0
DA:24,0
DA:25,0
DA:29,0
DA:30,0
DA:32,0
DA:33,0
DA:37,0
DA:40,0
DA:43,0
DA:45,0
DA:46,0
DA:54,0
DA:61,4
DA:62,4
DA:63,4
DA:64,4
DA:65,4
DA:66,4
DA:68,4
DA:76,0
DA:77,0
DA:85,1
LF:34
LH:9
BRDA:6,0,0,0
BRDA:6,0,1,0
BRDA:6,0,2,0
BRDA:6,0,3,0
BRDA:37,1,0,0
BRDA:37,1,1,0
BRDA:40,2,0,0
BRDA:40,2,1,0
BRDA:43,3,0,0
BRDA:43,3,1,0
BRDA:46,4,0,0
BRDA:46,4,1,0
BRDA:46,5,0,0
BRDA:46,5,1,0
BRDA:54,6,0,0
BRDA:54,6,1,0
BRDA:54,7,0,0
BRDA:54,7,1,0
BRDA:54,7,2,0
BRF:19
BRH:0
end_of_record
